2024-05-24T23:05:36.470+02:00  INFO 8292 --- [MicroService1] [main] c.m.m.MicroService1Application           : Starting MicroService1Application using Java 17.0.5 with PID 8292 (E:\intliji_workSpace\MicroServiceApp\Demo App\MicroService1\target\classes started by Mohamed Ragab in E:\intliji_workSpace\MicroServiceApp\Demo App\MicroService1)
2024-05-24T23:05:36.478+02:00  INFO 8292 --- [MicroService1] [main] c.m.m.MicroService1Application           : No active profile set, falling back to 1 default profile: "default"
2024-05-24T23:05:37.332+02:00  INFO 8292 --- [MicroService1] [main] o.s.b.w.embedded.tomcat.TomcatWebServer  : Tomcat initialized with port 9091 (http)
2024-05-24T23:05:37.346+02:00  INFO 8292 --- [MicroService1] [main] o.apache.catalina.core.StandardService   : Starting service [Tomcat]
2024-05-24T23:05:37.347+02:00  INFO 8292 --- [MicroService1] [main] o.apache.catalina.core.StandardEngine    : Starting Servlet engine: [Apache Tomcat/10.1.20]
2024-05-24T23:05:37.402+02:00  INFO 8292 --- [MicroService1] [main] o.a.c.c.C.[Tomcat].[localhost].[/]       : Initializing Spring embedded WebApplicationContext
2024-05-24T23:05:37.403+02:00  INFO 8292 --- [MicroService1] [main] w.s.c.ServletWebServerApplicationContext : Root WebApplicationContext: initialization completed in 880 ms
2024-05-24T23:05:37.728+02:00  INFO 8292 --- [MicroService1] [main] o.s.b.w.embedded.tomcat.TomcatWebServer  : Tomcat started on port 9091 (http) with context path ''
2024-05-24T23:05:37.736+02:00  INFO 8292 --- [MicroService1] [main] c.m.m.MicroService1Application           : Started MicroService1Application in 1.678 seconds (process running for 2.402)
2024-05-24T23:06:53.910+02:00  INFO 8292 --- [MicroService1] [http-nio-9091-exec-1] o.a.c.c.C.[Tomcat].[localhost].[/]       : Initializing Spring DispatcherServlet 'dispatcherServlet'
2024-05-24T23:06:53.910+02:00  INFO 8292 --- [MicroService1] [http-nio-9091-exec-1] o.s.web.servlet.DispatcherServlet        : Initializing Servlet 'dispatcherServlet'
2024-05-24T23:06:53.911+02:00  INFO 8292 --- [MicroService1] [http-nio-9091-exec-1] o.s.web.servlet.DispatcherServlet        : Completed initialization in 1 ms
2024-05-24T23:06:53.914+02:00  INFO 8292 --- [MicroService1] [http-nio-9091-exec-1] c.msa.microservice1.filters.Ms1Filter    : Logging Request  GET : /api/msa1/message
2024-05-24T23:06:53.944+02:00  INFO 8292 --- [MicroService1] [http-nio-9091-exec-1] c.msa.microservice1.filters.Ms1Filter    : Logging Response :text/plain;charset=UTF-8 , org.apache.catalina.connector.ResponseFacade@e389613
2024-05-24T23:39:42.430+02:00  INFO 15592 --- [MicroService1] [main] c.m.m.MicroService1Application           : Starting MicroService1Application using Java 17.0.5 with PID 15592 (E:\intliji_workSpace\MicroServiceApp\Demo App\MicroService1\target\classes started by Mohamed Ragab in E:\intliji_workSpace\MicroServiceApp\Demo App\MicroService1)
2024-05-24T23:39:42.532+02:00  INFO 15592 --- [MicroService1] [main] c.m.m.MicroService1Application           : No active profile set, falling back to 1 default profile: "default"
2024-05-24T23:39:43.177+02:00  INFO 15592 --- [MicroService1] [main] o.s.cloud.context.scope.GenericScope     : BeanFactory id=9b40d1b0-218f-36bc-9a0d-66c4d27879a3
2024-05-24T23:39:43.653+02:00  INFO 15592 --- [MicroService1] [main] o.s.b.w.embedded.tomcat.TomcatWebServer  : Tomcat initialized with port 9091 (http)
2024-05-24T23:39:43.667+02:00  INFO 15592 --- [MicroService1] [main] o.apache.catalina.core.StandardService   : Starting service [Tomcat]
2024-05-24T23:39:43.667+02:00  INFO 15592 --- [MicroService1] [main] o.apache.catalina.core.StandardEngine    : Starting Servlet engine: [Apache Tomcat/10.1.20]
2024-05-24T23:39:43.727+02:00  INFO 15592 --- [MicroService1] [main] o.a.c.c.C.[Tomcat].[localhost].[/]       : Initializing Spring embedded WebApplicationContext
2024-05-24T23:39:43.728+02:00  INFO 15592 --- [MicroService1] [main] w.s.c.ServletWebServerApplicationContext : Root WebApplicationContext: initialization completed in 1140 ms
2024-05-24T23:39:44.411+02:00  INFO 15592 --- [MicroService1] [main] o.s.b.w.embedded.tomcat.TomcatWebServer  : Tomcat started on port 9091 (http) with context path ''
2024-05-24T23:39:44.421+02:00  INFO 15592 --- [MicroService1] [main] c.m.m.MicroService1Application           : Started MicroService1Application in 2.54 seconds (process running for 2.984)
2024-05-24T23:40:00.776+02:00  INFO 15592 --- [MicroService1] [http-nio-9091-exec-1] o.a.c.c.C.[Tomcat].[localhost].[/]       : Initializing Spring DispatcherServlet 'dispatcherServlet'
2024-05-24T23:40:00.776+02:00  INFO 15592 --- [MicroService1] [http-nio-9091-exec-1] o.s.web.servlet.DispatcherServlet        : Initializing Servlet 'dispatcherServlet'
2024-05-24T23:40:00.777+02:00  INFO 15592 --- [MicroService1] [http-nio-9091-exec-1] o.s.web.servlet.DispatcherServlet        : Completed initialization in 0 ms
2024-05-24T23:40:00.780+02:00  INFO 15592 --- [MicroService1] [http-nio-9091-exec-1] c.msa.microservice1.filters.Ms1Filter    : Logging Request  GET : /api/msa1/message
2024-05-24T23:40:00.865+02:00  WARN 15592 --- [MicroService1] [http-nio-9091-exec-1] c.n.c.sources.URLConfigurationSource     : No URLs will be polled as dynamic configuration sources.
2024-05-24T23:40:00.865+02:00  INFO 15592 --- [MicroService1] [http-nio-9091-exec-1] c.n.c.sources.URLConfigurationSource     : To enable URLs as dynamic configuration sources, define System property archaius.configurationSource.additionalUrls or make config.properties available on classpath.
2024-05-24T23:40:00.869+02:00  INFO 15592 --- [MicroService1] [http-nio-9091-exec-1] c.netflix.config.DynamicPropertyFactory  : DynamicPropertyFactory is initialized with configuration sources: com.netflix.config.ConcurrentCompositeConfiguration@42905ce2
2024-05-24T23:40:01.012+02:00  INFO 15592 --- [MicroService1] [http-nio-9091-exec-1] c.msa.microservice1.filters.Ms1Filter    : Logging Response :text/plain;charset=UTF-8 , org.apache.catalina.connector.ResponseFacade@9b0620f
2024-05-24T23:40:04.154+02:00  INFO 15592 --- [MicroService1] [http-nio-9091-exec-2] c.msa.microservice1.filters.Ms1Filter    : Logging Request  GET : /api/msa1/message
2024-05-24T23:40:04.157+02:00  INFO 15592 --- [MicroService1] [http-nio-9091-exec-2] c.msa.microservice1.filters.Ms1Filter    : Logging Response :text/plain;charset=UTF-8 , org.apache.catalina.connector.ResponseFacade@7b992dc
2024-05-24T23:40:05.922+02:00  INFO 15592 --- [MicroService1] [http-nio-9091-exec-3] c.msa.microservice1.filters.Ms1Filter    : Logging Request  GET : /api/msa1/message
2024-05-24T23:40:05.925+02:00  INFO 15592 --- [MicroService1] [http-nio-9091-exec-3] c.msa.microservice1.filters.Ms1Filter    : Logging Response :text/plain;charset=UTF-8 , org.apache.catalina.connector.ResponseFacade@298c34cc
2024-05-24T23:40:07.957+02:00  INFO 15592 --- [MicroService1] [http-nio-9091-exec-8] c.msa.microservice1.filters.Ms1Filter    : Logging Request  GET : /api/msa1/message
2024-05-24T23:40:07.960+02:00  INFO 15592 --- [MicroService1] [http-nio-9091-exec-8] c.msa.microservice1.filters.Ms1Filter    : Logging Response :text/plain;charset=UTF-8 , org.apache.catalina.connector.ResponseFacade@57a2be00
